{"/Users/renantavares/Projetos/pessoal/desafio_cdn/src/models/agora-model.ts": {"path":"/Users/renantavares/Projetos/pessoal/desafio_cdn/src/models/agora-model.ts","statementMap":{"0":{"start":{"line":1,"column":0},"end":{"line":1,"column":52}},"1":{"start":{"line":7,"column":34},"end":{"line":11,"column":2}},"2":{"start":{"line":29,"column":8},"end":{"line":29,"column":39}},"3":{"start":{"line":30,"column":8},"end":{"line":30,"column":67}},"4":{"start":{"line":31,"column":8},"end":{"line":31,"column":41}},"5":{"start":{"line":32,"column":8},"end":{"line":32,"column":67}},"6":{"start":{"line":33,"column":8},"end":{"line":33,"column":62}},"7":{"start":{"line":34,"column":8},"end":{"line":34,"column":43}},"8":{"start":{"line":35,"column":8},"end":{"line":35,"column":54}},"9":{"start":{"line":38,"column":26},"end":{"line":38,"column":47}},"10":{"start":{"line":40,"column":26},"end":{"line":40,"column":49}},"11":{"start":{"line":42,"column":26},"end":{"line":42,"column":49}},"12":{"start":{"line":44,"column":26},"end":{"line":44,"column":46}},"13":{"start":{"line":46,"column":26},"end":{"line":46,"column":48}},"14":{"start":{"line":48,"column":26},"end":{"line":48,"column":51}},"15":{"start":{"line":50,"column":26},"end":{"line":50,"column":50}},"16":{"start":{"line":53,"column":8},"end":{"line":53,"column":166}},"17":{"start":{"line":57,"column":0},"end":{"line":57,"column":21}}},"fnMap":{"0":{"name":"(anonymous_0)","decl":{"start":{"line":28,"column":4},"end":{"line":28,"column":16}},"loc":{"start":{"line":28,"column":141},"end":{"line":36,"column":5}}},"1":{"name":"(anonymous_1)","decl":{"start":{"line":38,"column":4},"end":{"line":38,"column":15}},"loc":{"start":{"line":38,"column":15},"end":{"line":38,"column":49}}},"2":{"name":"(anonymous_2)","decl":{"start":{"line":40,"column":4},"end":{"line":40,"column":17}},"loc":{"start":{"line":40,"column":17},"end":{"line":40,"column":51}}},"3":{"name":"(anonymous_3)","decl":{"start":{"line":42,"column":4},"end":{"line":42,"column":17}},"loc":{"start":{"line":42,"column":17},"end":{"line":42,"column":51}}},"4":{"name":"(anonymous_4)","decl":{"start":{"line":44,"column":4},"end":{"line":44,"column":14}},"loc":{"start":{"line":44,"column":14},"end":{"line":44,"column":48}}},"5":{"name":"(anonymous_5)","decl":{"start":{"line":46,"column":4},"end":{"line":46,"column":16}},"loc":{"start":{"line":46,"column":16},"end":{"line":46,"column":50}}},"6":{"name":"(anonymous_6)","decl":{"start":{"line":48,"column":4},"end":{"line":48,"column":19}},"loc":{"start":{"line":48,"column":19},"end":{"line":48,"column":53}}},"7":{"name":"(anonymous_7)","decl":{"start":{"line":50,"column":4},"end":{"line":50,"column":18}},"loc":{"start":{"line":50,"column":18},"end":{"line":50,"column":52}}},"8":{"name":"(anonymous_8)","decl":{"start":{"line":52,"column":4},"end":{"line":52,"column":11}},"loc":{"start":{"line":52,"column":11},"end":{"line":54,"column":5}}}},"branchMap":{},"s":{"0":1,"1":1,"2":1,"3":1,"4":1,"5":1,"6":1,"7":1,"8":1,"9":0,"10":0,"11":0,"12":0,"13":1,"14":0,"15":1,"16":0,"17":1},"f":{"0":1,"1":0,"2":0,"3":0,"4":0,"5":1,"6":0,"7":1,"8":0},"b":{}}
,"/Users/renantavares/Projetos/pessoal/desafio_cdn/src/utils/extractor.ts": {"path":"/Users/renantavares/Projetos/pessoal/desafio_cdn/src/utils/extractor.ts","statementMap":{"0":{"start":{"line":1,"column":0},"end":{"line":1,"column":25}},"1":{"start":{"line":3,"column":30},"end":{"line":3,"column":85}},"2":{"start":{"line":3,"column":61},"end":{"line":3,"column":85}},"3":{"start":{"line":3,"column":13},"end":{"line":3,"column":30}},"4":{"start":{"line":5,"column":26},"end":{"line":8,"column":1}},"5":{"start":{"line":6,"column":24},"end":{"line":6,"column":78}},"6":{"start":{"line":7,"column":4},"end":{"line":7,"column":31}},"7":{"start":{"line":5,"column":13},"end":{"line":5,"column":26}}},"fnMap":{"0":{"name":"(anonymous_6)","decl":{"start":{"line":3,"column":30},"end":{"line":3,"column":31}},"loc":{"start":{"line":3,"column":61},"end":{"line":3,"column":85}}},"1":{"name":"(anonymous_7)","decl":{"start":{"line":5,"column":26},"end":{"line":5,"column":29}},"loc":{"start":{"line":5,"column":31},"end":{"line":8,"column":1}}}},"branchMap":{},"s":{"0":1,"1":1,"2":2,"3":1,"4":1,"5":0,"6":0,"7":1},"f":{"0":2,"1":0},"b":{}}
,"/Users/renantavares/Projetos/pessoal/desafio_cdn/src/utils/splitter.ts": {"path":"/Users/renantavares/Projetos/pessoal/desafio_cdn/src/utils/splitter.ts","statementMap":{"0":{"start":{"line":1,"column":27},"end":{"line":1,"column":64}},"1":{"start":{"line":1,"column":45},"end":{"line":1,"column":64}},"2":{"start":{"line":1,"column":13},"end":{"line":1,"column":27}},"3":{"start":{"line":2,"column":33},"end":{"line":2,"column":66}},"4":{"start":{"line":2,"column":51},"end":{"line":2,"column":66}},"5":{"start":{"line":2,"column":13},"end":{"line":2,"column":33}}},"fnMap":{"0":{"name":"(anonymous_0)","decl":{"start":{"line":1,"column":27},"end":{"line":1,"column":28}},"loc":{"start":{"line":1,"column":45},"end":{"line":1,"column":64}}},"1":{"name":"(anonymous_1)","decl":{"start":{"line":2,"column":33},"end":{"line":2,"column":34}},"loc":{"start":{"line":2,"column":51},"end":{"line":2,"column":66}}}},"branchMap":{},"s":{"0":1,"1":1,"2":1,"3":1,"4":1,"5":1},"f":{"0":1,"1":1},"b":{}}
}
